<testsuites id="" name="" tests="20" failures="1" skipped="16" errors="0" time="49.775743000000006">
<testsuite name="company-management.spec.ts" timestamp="2025-08-14T05:50:26.241Z" hostname="chromium" tests="20" failures="1" skipped="16" time="22.715" errors="0">
<testcase name="公司模块测试 › C001 - 应能正确显示公司列表" classname="company-management.spec.ts" time="0.044">
<system-out>
<![CDATA[📍 步骤1：访问首页
📍 步骤2：等待Keycloak登录页面
📍 步骤3：输入登录凭据
📍 步骤4：等待跳转到前端页面
📍 步骤5：导航到公司管理页面
✅ 登录并导航完成
🧪 开始测试 C001: 公司列表基本显示
✅ C001测试通过：公司列表基本显示正常
]]>
</system-out>
</testcase>
<testcase name="公司模块测试 › C002, C003 - 验证全选功能和顶部按钮" classname="company-management.spec.ts" time="2.468">
<system-out>
<![CDATA[🧪 开始测试 C002, C003: 全选功能和按钮显示
✅ C003验证通过：顶部按钮显示正常
✅ 找到全选复选框
全选复选框状态: true
✅ C002验证通过：全选功能正常
取消全选后状态: false
]]>
</system-out>
</testcase>
<testcase name="公司模块测试 › C029, C030 - 必填字段验证" classname="company-management.spec.ts" time="6.613">
<system-out>
<![CDATA[🧪 开始测试 C029, C030: 必填字段验证
✅ C029验证通过：找到必填字段错误提示 (input:invalid)
✅ C029, C030测试通过：必填验证功能正常
]]>
</system-out>
</testcase>
<testcase name="公司模块测试 › C006, C007 - 创建公司弹窗和Group类型公司" classname="company-management.spec.ts" time="13.59">
<failure message="company-management.spec.ts:586:3 C006, C007 - 创建公司弹窗和Group类型公司" type="FAILURE">
<![CDATA[  [chromium] › company-management.spec.ts:586:3 › 公司模块测试 › C006, C007 - 创建公司弹窗和Group类型公司 ───────────

    Error: keyboard.press: Target page, context or browser has been closed

      666 |       
      667 |       // 尝试关闭可能打开的对话框
    > 668 |       await page.keyboard.press('Escape');
          |                           ^
      669 |       await page.waitForTimeout(1000);
      670 |     }
      671 |   });
        at D:\hk\0807\spms-application\frontend\e2e\specs\company-management.spec.ts:668:27
]]>
</failure>
<system-out>
<![CDATA[🧪 开始测试 C006, C007: 创建公司弹窗和Group类型
⚠️ C006, C007测试跳过： locator.count: Target page, context or browser has been closed
]]>
</system-out>
</testcase>
<testcase name="公司模块测试 › C008 - Business Entity关联验证" classname="company-management.spec.ts" time="0">
<skipped>
</skipped>
</testcase>
<testcase name="公司模块测试 › 批量创建公司（为分页和搜索测试提供数据）" classname="company-management.spec.ts" time="0">
<skipped>
</skipped>
</testcase>
<testcase name="公司模块测试 › C040 - 创建后列表刷新验证" classname="company-management.spec.ts" time="0">
<skipped>
</skipped>
</testcase>
<testcase name="公司模块测试 › C004 - 模糊搜索功能验证" classname="company-management.spec.ts" time="0">
<skipped>
</skipped>
</testcase>
<testcase name="公司模块测试 › C005 - 分页功能验证" classname="company-management.spec.ts" time="0">
<skipped>
</skipped>
</testcase>
<testcase name="公司模块测试 › C010, C011, C012 - 公司编辑功能验证" classname="company-management.spec.ts" time="0">
<skipped>
</skipped>
</testcase>
<testcase name="公司模块测试 › C009 - Vendor类型创建" classname="company-management.spec.ts" time="0">
<skipped>
</skipped>
</testcase>
<testcase name="公司模块测试 › C023, C024 - 多语言列名和按钮支持" classname="company-management.spec.ts" time="0">
<skipped>
</skipped>
</testcase>
<testcase name="公司模块测试 › C025 - Group类型独立性验证" classname="company-management.spec.ts" time="0">
<skipped>
</skipped>
</testcase>
<testcase name="公司模块测试 › C026 - Other类型关联限制" classname="company-management.spec.ts" time="0">
<skipped>
</skipped>
</testcase>
<testcase name="公司模块测试 › C028 - 状态切换验证" classname="company-management.spec.ts" time="0">
<skipped>
</skipped>
</testcase>
<testcase name="公司模块测试 › C031 - 特殊字符搜索" classname="company-management.spec.ts" time="0">
<skipped>
</skipped>
</testcase>
<testcase name="公司模块测试 › C034 - 创建字段完整性" classname="company-management.spec.ts" time="0">
<skipped>
</skipped>
</testcase>
<testcase name="公司模块测试 › C039 - 关联公司筛选" classname="company-management.spec.ts" time="0">
<skipped>
</skipped>
</testcase>
<testcase name="公司模块测试 › C013 - 删除功能验证" classname="company-management.spec.ts" time="0">
<skipped>
</skipped>
</testcase>
<testcase name="公司模块测试 › 测试总结报告" classname="company-management.spec.ts" time="0">
<skipped>
</skipped>
</testcase>
</testsuite>
</testsuites>